{"C:\\Users\\tyler\\family-tree\\src\\app\\chaldean\\InteractiveCalculator.tsx": {"path":"C:\\Users\\tyler\\family-tree\\src\\app\\chaldean\\InteractiveCalculator.tsx","statementMap":{"0":{"start":{"line":12,"column":26},"end":{"line":12,"column":38}},"1":{"start":{"line":13,"column":36},"end":{"line":13,"column":48}},"2":{"start":{"line":14,"column":40},"end":{"line":14,"column":55}},"3":{"start":{"line":16,"column":19},"end":{"line":16,"column":47}},"4":{"start":{"line":17,"column":18},"end":{"line":17,"column":50}},"5":{"start":{"line":18,"column":19},"end":{"line":18,"column":53}},"6":{"start":{"line":19,"column":22},"end":{"line":19,"column":59}},"7":{"start":{"line":21,"column":2},"end":{"line":63,"column":4}},"8":{"start":{"line":31,"column":27},"end":{"line":31,"column":50}},"9":{"start":{"line":42,"column":27},"end":{"line":42,"column":55}},"10":{"start":{"line":49,"column":23},"end":{"line":49,"column":43}}},"fnMap":{"0":{"name":"InteractiveCalculator","decl":{"start":{"line":11,"column":24},"end":{"line":11,"column":45}},"loc":{"start":{"line":11,"column":48},"end":{"line":64,"column":1}},"line":11},"1":{"name":"(anonymous_1)","decl":{"start":{"line":31,"column":22},"end":{"line":31,"column":23}},"loc":{"start":{"line":31,"column":27},"end":{"line":31,"column":50}},"line":31},"2":{"name":"(anonymous_2)","decl":{"start":{"line":42,"column":22},"end":{"line":42,"column":23}},"loc":{"start":{"line":42,"column":27},"end":{"line":42,"column":55}},"line":42},"3":{"name":"(anonymous_3)","decl":{"start":{"line":49,"column":17},"end":{"line":49,"column":18}},"loc":{"start":{"line":49,"column":23},"end":{"line":49,"column":43}},"line":49}},"branchMap":{"0":{"loc":{"start":{"line":50,"column":18},"end":{"line":50,"column":37}},"type":"binary-expr","locations":[{"start":{"line":50,"column":18},"end":{"line":50,"column":23}},{"start":{"line":50,"column":27},"end":{"line":50,"column":37}}],"line":50},"1":{"loc":{"start":{"line":54,"column":7},"end":{"line":61,"column":7}},"type":"binary-expr","locations":[{"start":{"line":54,"column":7},"end":{"line":54,"column":18}},{"start":{"line":55,"column":8},"end":{"line":60,"column":14}}],"line":54}},"s":{"0":5,"1":5,"2":5,"3":5,"4":5,"5":5,"6":5,"7":5,"8":1,"9":1,"10":1},"f":{"0":5,"1":1,"2":1,"3":1},"b":{"0":[5,2],"1":[5,1]},"_coverageSchema":"1a1c01bbd47fc00a2c39e90264f33305004495a9","hash":"e6c084a5d37a67b1ce1cc9f8b924fde779483d7d"}
,"C:\\Users\\tyler\\family-tree\\src\\app\\chaldean\\NumberMeaningCard.tsx": {"path":"C:\\Users\\tyler\\family-tree\\src\\app\\chaldean\\NumberMeaningCard.tsx","statementMap":{"0":{"start":{"line":14,"column":2},"end":{"line":14,"column":42}},"1":{"start":{"line":19,"column":2},"end":{"line":19,"column":72}},"2":{"start":{"line":23,"column":67},"end":{"line":61,"column":1}},"3":{"start":{"line":24,"column":17},"end":{"line":24,"column":31}},"4":{"start":{"line":25,"column":18},"end":{"line":25,"column":41}},"5":{"start":{"line":26,"column":34},"end":{"line":26,"column":49}},"6":{"start":{"line":28,"column":2},"end":{"line":28,"column":28}},"7":{"start":{"line":28,"column":16},"end":{"line":28,"column":28}},"8":{"start":{"line":30,"column":2},"end":{"line":60,"column":4}},"9":{"start":{"line":47,"column":27},"end":{"line":47,"column":47}},"10":{"start":{"line":47,"column":44},"end":{"line":47,"column":46}}},"fnMap":{"0":{"name":"isMasterNumber","decl":{"start":{"line":13,"column":9},"end":{"line":13,"column":23}},"loc":{"start":{"line":13,"column":37},"end":{"line":15,"column":1}},"line":13},"1":{"name":"isCompoundNumber","decl":{"start":{"line":17,"column":9},"end":{"line":17,"column":25}},"loc":{"start":{"line":17,"column":39},"end":{"line":20,"column":1}},"line":17},"2":{"name":"(anonymous_2)","decl":{"start":{"line":23,"column":67},"end":{"line":23,"column":68}},"loc":{"start":{"line":23,"column":101},"end":{"line":61,"column":1}},"line":23},"3":{"name":"(anonymous_3)","decl":{"start":{"line":47,"column":21},"end":{"line":47,"column":22}},"loc":{"start":{"line":47,"column":27},"end":{"line":47,"column":47}},"line":47},"4":{"name":"(anonymous_4)","decl":{"start":{"line":47,"column":39},"end":{"line":47,"column":40}},"loc":{"start":{"line":47,"column":44},"end":{"line":47,"column":46}},"line":47}},"branchMap":{"0":{"loc":{"start":{"line":19,"column":9},"end":{"line":19,"column":71}},"type":"binary-expr","locations":[{"start":{"line":19,"column":9},"end":{"line":19,"column":23}},{"start":{"line":19,"column":27},"end":{"line":19,"column":47}},{"start":{"line":19,"column":51},"end":{"line":19,"column":71}}],"line":19},"1":{"loc":{"start":{"line":28,"column":2},"end":{"line":28,"column":28}},"type":"if","locations":[{"start":{"line":28,"column":2},"end":{"line":28,"column":28}},{"start":{},"end":{}}],"line":28},"2":{"loc":{"start":{"line":32,"column":75},"end":{"line":32,"column":90}},"type":"binary-expr","locations":[{"start":{"line":32,"column":75},"end":{"line":32,"column":84}},{"start":{"line":32,"column":88},"end":{"line":32,"column":90}}],"line":32},"3":{"loc":{"start":{"line":32,"column":94},"end":{"line":32,"column":207}},"type":"cond-expr","locations":[{"start":{"line":32,"column":119},"end":{"line":32,"column":138}},{"start":{"line":32,"column":141},"end":{"line":32,"column":207}}],"line":32},"4":{"loc":{"start":{"line":32,"column":141},"end":{"line":32,"column":207}},"type":"cond-expr","locations":[{"start":{"line":32,"column":168},"end":{"line":32,"column":187}},{"start":{"line":32,"column":190},"end":{"line":32,"column":207}}],"line":32},"5":{"loc":{"start":{"line":37,"column":53},"end":{"line":37,"column":80}},"type":"binary-expr","locations":[{"start":{"line":37,"column":53},"end":{"line":37,"column":58}},{"start":{"line":37,"column":62},"end":{"line":37,"column":80}}],"line":37},"6":{"loc":{"start":{"line":38,"column":9},"end":{"line":38,"column":112}},"type":"binary-expr","locations":[{"start":{"line":38,"column":9},"end":{"line":38,"column":31}},{"start":{"line":38,"column":35},"end":{"line":38,"column":112}}],"line":38},"7":{"loc":{"start":{"line":39,"column":9},"end":{"line":39,"column":109}},"type":"binary-expr","locations":[{"start":{"line":39,"column":9},"end":{"line":39,"column":33}},{"start":{"line":39,"column":37},"end":{"line":39,"column":109}}],"line":39},"8":{"loc":{"start":{"line":43,"column":9},"end":{"line":43,"column":123}},"type":"cond-expr","locations":[{"start":{"line":43,"column":20},"end":{"line":43,"column":39}},{"start":{"line":43,"column":42},"end":{"line":43,"column":123}}],"line":43},"9":{"loc":{"start":{"line":43,"column":78},"end":{"line":43,"column":122}},"type":"cond-expr","locations":[{"start":{"line":43,"column":112},"end":{"line":43,"column":117}},{"start":{"line":43,"column":120},"end":{"line":43,"column":122}}],"line":43},"10":{"loc":{"start":{"line":44,"column":9},"end":{"line":52,"column":9}},"type":"binary-expr","locations":[{"start":{"line":44,"column":9},"end":{"line":44,"column":40}},{"start":{"line":45,"column":10},"end":{"line":51,"column":19}}],"line":44},"11":{"loc":{"start":{"line":48,"column":24},"end":{"line":48,"column":60}},"type":"cond-expr","locations":[{"start":{"line":48,"column":35},"end":{"line":48,"column":46}},{"start":{"line":48,"column":49},"end":{"line":48,"column":60}}],"line":48},"12":{"loc":{"start":{"line":50,"column":13},"end":{"line":50,"column":49}},"type":"cond-expr","locations":[{"start":{"line":50,"column":24},"end":{"line":50,"column":35}},{"start":{"line":50,"column":38},"end":{"line":50,"column":49}}],"line":50},"13":{"loc":{"start":{"line":54,"column":7},"end":{"line":58,"column":7}},"type":"binary-expr","locations":[{"start":{"line":54,"column":7},"end":{"line":54,"column":29}},{"start":{"line":55,"column":8},"end":{"line":57,"column":14}}],"line":54}},"s":{"0":8,"1":8,"2":1,"3":4,"4":4,"5":4,"6":4,"7":0,"8":4,"9":0,"10":0},"f":{"0":8,"1":8,"2":4,"3":0,"4":0},"b":{"0":[8,0,0],"1":[0,4],"2":[4,4],"3":[0,4],"4":[0,4],"5":[4,0],"6":[4,0],"7":[4,0],"8":[0,4],"9":[3,1],"10":[4,3],"11":[0,3],"12":[0,3],"13":[4,4]},"_coverageSchema":"1a1c01bbd47fc00a2c39e90264f33305004495a9","hash":"d166780028079e49be56ac5a33ac3d8e8c4b9ef3"}
,"C:\\Users\\tyler\\family-tree\\src\\app\\chaldean\\number-meanings.ts": {"path":"C:\\Users\\tyler\\family-tree\\src\\app\\chaldean\\number-meanings.ts","statementMap":{"0":{"start":{"line":4,"column":112},"end":{"line":78,"column":1}}},"fnMap":{},"branchMap":{},"s":{"0":1},"f":{},"b":{},"_coverageSchema":"1a1c01bbd47fc00a2c39e90264f33305004495a9","hash":"2a9d598596215a729fa576d103aebec4accef87c"}
,"C:\\Users\\tyler\\family-tree\\src\\app\\chaldean\\numerology-utils.ts": {"path":"C:\\Users\\tyler\\family-tree\\src\\app\\chaldean\\numerology-utils.ts","statementMap":{"0":{"start":{"line":3,"column":2},"end":{"line":3,"column":46}},"1":{"start":{"line":12,"column":2},"end":{"line":16,"column":19}},"2":{"start":{"line":21,"column":2},"end":{"line":24,"column":3}},"3":{"start":{"line":22,"column":4},"end":{"line":22,"column":71}},"4":{"start":{"line":22,"column":65},"end":{"line":22,"column":71}},"5":{"start":{"line":23,"column":4},"end":{"line":23,"column":80}},"6":{"start":{"line":23,"column":54},"end":{"line":23,"column":75}},"7":{"start":{"line":25,"column":2},"end":{"line":25,"column":13}},"8":{"start":{"line":30,"column":17},"end":{"line":30,"column":20}},"9":{"start":{"line":31,"column":16},"end":{"line":31,"column":19}},"10":{"start":{"line":32,"column":2},"end":{"line":35,"column":3}},"11":{"start":{"line":33,"column":4},"end":{"line":33,"column":83}},"12":{"start":{"line":33,"column":77},"end":{"line":33,"column":83}},"13":{"start":{"line":34,"column":4},"end":{"line":34,"column":88}},"14":{"start":{"line":34,"column":62},"end":{"line":34,"column":83}},"15":{"start":{"line":36,"column":2},"end":{"line":36,"column":31}},"16":{"start":{"line":40,"column":50},"end":{"line":50,"column":1}},"17":{"start":{"line":53,"column":2},"end":{"line":53,"column":29}},"18":{"start":{"line":53,"column":20},"end":{"line":53,"column":29}},"19":{"start":{"line":54,"column":15},"end":{"line":54,"column":34}},"20":{"start":{"line":55,"column":14},"end":{"line":55,"column":85}},"21":{"start":{"line":55,"column":48},"end":{"line":55,"column":81}},"22":{"start":{"line":56,"column":2},"end":{"line":56,"column":34}},"23":{"start":{"line":61,"column":2},"end":{"line":61,"column":55}},"24":{"start":{"line":61,"column":20},"end":{"line":61,"column":55}},"25":{"start":{"line":62,"column":15},"end":{"line":62,"column":34}},"26":{"start":{"line":63,"column":14},"end":{"line":63,"column":85}},"27":{"start":{"line":63,"column":48},"end":{"line":63,"column":81}},"28":{"start":{"line":64,"column":2},"end":{"line":64,"column":36}},"29":{"start":{"line":68,"column":2},"end":{"line":68,"column":29}},"30":{"start":{"line":68,"column":20},"end":{"line":68,"column":29}},"31":{"start":{"line":69,"column":15},"end":{"line":69,"column":34}},"32":{"start":{"line":70,"column":17},"end":{"line":70,"column":24}},"33":{"start":{"line":71,"column":14},"end":{"line":71,"column":117}},"34":{"start":{"line":71,"column":41},"end":{"line":71,"column":59}},"35":{"start":{"line":71,"column":80},"end":{"line":71,"column":113}},"36":{"start":{"line":72,"column":2},"end":{"line":72,"column":34}},"37":{"start":{"line":76,"column":2},"end":{"line":76,"column":55}},"38":{"start":{"line":76,"column":20},"end":{"line":76,"column":55}},"39":{"start":{"line":77,"column":15},"end":{"line":77,"column":34}},"40":{"start":{"line":78,"column":17},"end":{"line":78,"column":24}},"41":{"start":{"line":79,"column":14},"end":{"line":79,"column":117}},"42":{"start":{"line":79,"column":41},"end":{"line":79,"column":59}},"43":{"start":{"line":79,"column":80},"end":{"line":79,"column":113}},"44":{"start":{"line":80,"column":2},"end":{"line":80,"column":36}},"45":{"start":{"line":84,"column":2},"end":{"line":84,"column":29}},"46":{"start":{"line":84,"column":20},"end":{"line":84,"column":29}},"47":{"start":{"line":85,"column":15},"end":{"line":85,"column":34}},"48":{"start":{"line":86,"column":17},"end":{"line":86,"column":24}},"49":{"start":{"line":87,"column":14},"end":{"line":87,"column":118}},"50":{"start":{"line":87,"column":41},"end":{"line":87,"column":60}},"51":{"start":{"line":87,"column":81},"end":{"line":87,"column":114}},"52":{"start":{"line":88,"column":2},"end":{"line":88,"column":34}},"53":{"start":{"line":92,"column":2},"end":{"line":92,"column":55}},"54":{"start":{"line":92,"column":20},"end":{"line":92,"column":55}},"55":{"start":{"line":93,"column":15},"end":{"line":93,"column":34}},"56":{"start":{"line":94,"column":17},"end":{"line":94,"column":24}},"57":{"start":{"line":95,"column":14},"end":{"line":95,"column":118}},"58":{"start":{"line":95,"column":41},"end":{"line":95,"column":60}},"59":{"start":{"line":95,"column":81},"end":{"line":95,"column":114}},"60":{"start":{"line":96,"column":2},"end":{"line":96,"column":36}},"61":{"start":{"line":101,"column":2},"end":{"line":101,"column":27}},"62":{"start":{"line":101,"column":18},"end":{"line":101,"column":27}},"63":{"start":{"line":102,"column":25},"end":{"line":102,"column":27}},"64":{"start":{"line":103,"column":2},"end":{"line":109,"column":3}},"65":{"start":{"line":105,"column":4},"end":{"line":105,"column":68}},"66":{"start":{"line":108,"column":4},"end":{"line":108,"column":68}},"67":{"start":{"line":110,"column":14},"end":{"line":110,"column":47}},"68":{"start":{"line":110,"column":38},"end":{"line":110,"column":43}},"69":{"start":{"line":111,"column":2},"end":{"line":111,"column":34}},"70":{"start":{"line":116,"column":23},"end":{"line":116,"column":43}},"71":{"start":{"line":117,"column":15},"end":{"line":117,"column":32}},"72":{"start":{"line":118,"column":17},"end":{"line":118,"column":62}},"73":{"start":{"line":119,"column":14},"end":{"line":119,"column":47}},"74":{"start":{"line":119,"column":38},"end":{"line":119,"column":43}},"75":{"start":{"line":120,"column":2},"end":{"line":120,"column":34}},"76":{"start":{"line":124,"column":16},"end":{"line":124,"column":34}},"77":{"start":{"line":125,"column":2},"end":{"line":125,"column":51}},"78":{"start":{"line":129,"column":14},"end":{"line":129,"column":27}},"79":{"start":{"line":130,"column":2},"end":{"line":130,"column":50}}},"fnMap":{"0":{"name":"getDigits","decl":{"start":{"line":2,"column":16},"end":{"line":2,"column":25}},"loc":{"start":{"line":2,"column":49},"end":{"line":4,"column":1}},"line":2},"1":{"name":"normalizeName","decl":{"start":{"line":11,"column":9},"end":{"line":11,"column":22}},"loc":{"start":{"line":11,"column":45},"end":{"line":17,"column":1}},"line":11},"2":{"name":"reduceToSingleDigit","decl":{"start":{"line":19,"column":16},"end":{"line":19,"column":35}},"loc":{"start":{"line":19,"column":77},"end":{"line":26,"column":1}},"line":19},"3":{"name":"(anonymous_3)","decl":{"start":{"line":23,"column":42},"end":{"line":23,"column":43}},"loc":{"start":{"line":23,"column":54},"end":{"line":23,"column":75}},"line":23},"4":{"name":"getCompoundAndReduced","decl":{"start":{"line":29,"column":16},"end":{"line":29,"column":37}},"loc":{"start":{"line":29,"column":110},"end":{"line":37,"column":1}},"line":29},"5":{"name":"(anonymous_5)","decl":{"start":{"line":34,"column":50},"end":{"line":34,"column":51}},"loc":{"start":{"line":34,"column":62},"end":{"line":34,"column":83}},"line":34},"6":{"name":"calculatePythagoreanNumber","decl":{"start":{"line":52,"column":16},"end":{"line":52,"column":42}},"loc":{"start":{"line":52,"column":65},"end":{"line":57,"column":1}},"line":52},"7":{"name":"(anonymous_7)","decl":{"start":{"line":55,"column":36},"end":{"line":55,"column":37}},"loc":{"start":{"line":55,"column":48},"end":{"line":55,"column":81}},"line":55},"8":{"name":"calculatePythagoreanNumberAdvanced","decl":{"start":{"line":60,"column":16},"end":{"line":60,"column":50}},"loc":{"start":{"line":60,"column":104},"end":{"line":65,"column":1}},"line":60},"9":{"name":"(anonymous_9)","decl":{"start":{"line":63,"column":36},"end":{"line":63,"column":37}},"loc":{"start":{"line":63,"column":48},"end":{"line":63,"column":81}},"line":63},"10":{"name":"calculatePythagoreanSoulUrge","decl":{"start":{"line":67,"column":16},"end":{"line":67,"column":44}},"loc":{"start":{"line":67,"column":67},"end":{"line":73,"column":1}},"line":67},"11":{"name":"(anonymous_11)","decl":{"start":{"line":71,"column":36},"end":{"line":71,"column":37}},"loc":{"start":{"line":71,"column":41},"end":{"line":71,"column":59}},"line":71},"12":{"name":"(anonymous_12)","decl":{"start":{"line":71,"column":68},"end":{"line":71,"column":69}},"loc":{"start":{"line":71,"column":80},"end":{"line":71,"column":113}},"line":71},"13":{"name":"calculatePythagoreanSoulUrgeAdvanced","decl":{"start":{"line":75,"column":16},"end":{"line":75,"column":52}},"loc":{"start":{"line":75,"column":106},"end":{"line":81,"column":1}},"line":75},"14":{"name":"(anonymous_14)","decl":{"start":{"line":79,"column":36},"end":{"line":79,"column":37}},"loc":{"start":{"line":79,"column":41},"end":{"line":79,"column":59}},"line":79},"15":{"name":"(anonymous_15)","decl":{"start":{"line":79,"column":68},"end":{"line":79,"column":69}},"loc":{"start":{"line":79,"column":80},"end":{"line":79,"column":113}},"line":79},"16":{"name":"calculatePythagoreanPersonality","decl":{"start":{"line":83,"column":16},"end":{"line":83,"column":47}},"loc":{"start":{"line":83,"column":70},"end":{"line":89,"column":1}},"line":83},"17":{"name":"(anonymous_17)","decl":{"start":{"line":87,"column":36},"end":{"line":87,"column":37}},"loc":{"start":{"line":87,"column":41},"end":{"line":87,"column":60}},"line":87},"18":{"name":"(anonymous_18)","decl":{"start":{"line":87,"column":69},"end":{"line":87,"column":70}},"loc":{"start":{"line":87,"column":81},"end":{"line":87,"column":114}},"line":87},"19":{"name":"calculatePythagoreanPersonalityAdvanced","decl":{"start":{"line":91,"column":16},"end":{"line":91,"column":55}},"loc":{"start":{"line":91,"column":109},"end":{"line":97,"column":1}},"line":91},"20":{"name":"(anonymous_20)","decl":{"start":{"line":95,"column":36},"end":{"line":95,"column":37}},"loc":{"start":{"line":95,"column":41},"end":{"line":95,"column":60}},"line":95},"21":{"name":"(anonymous_21)","decl":{"start":{"line":95,"column":69},"end":{"line":95,"column":70}},"loc":{"start":{"line":95,"column":81},"end":{"line":95,"column":114}},"line":95},"22":{"name":"calculateLifePath","decl":{"start":{"line":99,"column":16},"end":{"line":99,"column":33}},"loc":{"start":{"line":99,"column":61},"end":{"line":112,"column":1}},"line":99},"23":{"name":"(anonymous_23)","decl":{"start":{"line":110,"column":28},"end":{"line":110,"column":29}},"loc":{"start":{"line":110,"column":38},"end":{"line":110,"column":43}},"line":110},"24":{"name":"calculatePersonalYear","decl":{"start":{"line":114,"column":16},"end":{"line":114,"column":37}},"loc":{"start":{"line":114,"column":76},"end":{"line":121,"column":1}},"line":114},"25":{"name":"(anonymous_25)","decl":{"start":{"line":119,"column":28},"end":{"line":119,"column":29}},"loc":{"start":{"line":119,"column":38},"end":{"line":119,"column":43}},"line":119},"26":{"name":"calculatePersonalMonth","decl":{"start":{"line":123,"column":16},"end":{"line":123,"column":38}},"loc":{"start":{"line":123,"column":80},"end":{"line":126,"column":1}},"line":123},"27":{"name":"calculatePersonalDay","decl":{"start":{"line":128,"column":16},"end":{"line":128,"column":36}},"loc":{"start":{"line":128,"column":79},"end":{"line":131,"column":1}},"line":128}},"branchMap":{"0":{"loc":{"start":{"line":19,"column":49},"end":{"line":19,"column":67}},"type":"default-arg","locations":[{"start":{"line":19,"column":63},"end":{"line":19,"column":67}}],"line":19},"1":{"loc":{"start":{"line":22,"column":4},"end":{"line":22,"column":71}},"type":"if","locations":[{"start":{"line":22,"column":4},"end":{"line":22,"column":71}},{"start":{},"end":{}}],"line":22},"2":{"loc":{"start":{"line":22,"column":8},"end":{"line":22,"column":63}},"type":"binary-expr","locations":[{"start":{"line":22,"column":8},"end":{"line":22,"column":19}},{"start":{"line":22,"column":24},"end":{"line":22,"column":34}},{"start":{"line":22,"column":38},"end":{"line":22,"column":48}},{"start":{"line":22,"column":52},"end":{"line":22,"column":62}}],"line":22},"3":{"loc":{"start":{"line":29,"column":51},"end":{"line":29,"column":69}},"type":"default-arg","locations":[{"start":{"line":29,"column":65},"end":{"line":29,"column":69}}],"line":29},"4":{"loc":{"start":{"line":33,"column":4},"end":{"line":33,"column":83}},"type":"if","locations":[{"start":{"line":33,"column":4},"end":{"line":33,"column":83}},{"start":{},"end":{}}],"line":33},"5":{"loc":{"start":{"line":33,"column":8},"end":{"line":33,"column":75}},"type":"binary-expr","locations":[{"start":{"line":33,"column":8},"end":{"line":33,"column":19}},{"start":{"line":33,"column":24},"end":{"line":33,"column":38}},{"start":{"line":33,"column":42},"end":{"line":33,"column":56}},{"start":{"line":33,"column":60},"end":{"line":33,"column":74}}],"line":33},"6":{"loc":{"start":{"line":53,"column":2},"end":{"line":53,"column":29}},"type":"if","locations":[{"start":{"line":53,"column":2},"end":{"line":53,"column":29}},{"start":{},"end":{}}],"line":53},"7":{"loc":{"start":{"line":55,"column":55},"end":{"line":55,"column":80}},"type":"binary-expr","locations":[{"start":{"line":55,"column":55},"end":{"line":55,"column":75}},{"start":{"line":55,"column":79},"end":{"line":55,"column":80}}],"line":55},"8":{"loc":{"start":{"line":61,"column":2},"end":{"line":61,"column":55}},"type":"if","locations":[{"start":{"line":61,"column":2},"end":{"line":61,"column":55}},{"start":{},"end":{}}],"line":61},"9":{"loc":{"start":{"line":63,"column":55},"end":{"line":63,"column":80}},"type":"binary-expr","locations":[{"start":{"line":63,"column":55},"end":{"line":63,"column":75}},{"start":{"line":63,"column":79},"end":{"line":63,"column":80}}],"line":63},"10":{"loc":{"start":{"line":68,"column":2},"end":{"line":68,"column":29}},"type":"if","locations":[{"start":{"line":68,"column":2},"end":{"line":68,"column":29}},{"start":{},"end":{}}],"line":68},"11":{"loc":{"start":{"line":71,"column":87},"end":{"line":71,"column":112}},"type":"binary-expr","locations":[{"start":{"line":71,"column":87},"end":{"line":71,"column":107}},{"start":{"line":71,"column":111},"end":{"line":71,"column":112}}],"line":71},"12":{"loc":{"start":{"line":76,"column":2},"end":{"line":76,"column":55}},"type":"if","locations":[{"start":{"line":76,"column":2},"end":{"line":76,"column":55}},{"start":{},"end":{}}],"line":76},"13":{"loc":{"start":{"line":79,"column":87},"end":{"line":79,"column":112}},"type":"binary-expr","locations":[{"start":{"line":79,"column":87},"end":{"line":79,"column":107}},{"start":{"line":79,"column":111},"end":{"line":79,"column":112}}],"line":79},"14":{"loc":{"start":{"line":84,"column":2},"end":{"line":84,"column":29}},"type":"if","locations":[{"start":{"line":84,"column":2},"end":{"line":84,"column":29}},{"start":{},"end":{}}],"line":84},"15":{"loc":{"start":{"line":87,"column":88},"end":{"line":87,"column":113}},"type":"binary-expr","locations":[{"start":{"line":87,"column":88},"end":{"line":87,"column":108}},{"start":{"line":87,"column":112},"end":{"line":87,"column":113}}],"line":87},"16":{"loc":{"start":{"line":92,"column":2},"end":{"line":92,"column":55}},"type":"if","locations":[{"start":{"line":92,"column":2},"end":{"line":92,"column":55}},{"start":{},"end":{}}],"line":92},"17":{"loc":{"start":{"line":95,"column":88},"end":{"line":95,"column":113}},"type":"binary-expr","locations":[{"start":{"line":95,"column":88},"end":{"line":95,"column":108}},{"start":{"line":95,"column":112},"end":{"line":95,"column":113}}],"line":95},"18":{"loc":{"start":{"line":101,"column":2},"end":{"line":101,"column":27}},"type":"if","locations":[{"start":{"line":101,"column":2},"end":{"line":101,"column":27}},{"start":{},"end":{}}],"line":101},"19":{"loc":{"start":{"line":103,"column":2},"end":{"line":109,"column":3}},"type":"if","locations":[{"start":{"line":103,"column":2},"end":{"line":109,"column":3}},{"start":{"line":106,"column":9},"end":{"line":109,"column":3}}],"line":103}},"s":{"0":0,"1":12,"2":15,"3":8,"4":0,"5":8,"6":16,"7":15,"8":0,"9":0,"10":0,"11":0,"12":0,"13":0,"14":0,"15":0,"16":2,"17":6,"18":2,"19":4,"20":4,"21":16,"22":4,"23":0,"24":0,"25":0,"26":0,"27":0,"28":0,"29":6,"30":2,"31":4,"32":4,"33":4,"34":16,"35":4,"36":4,"37":0,"38":0,"39":0,"40":0,"41":0,"42":0,"43":0,"44":0,"45":6,"46":2,"47":4,"48":4,"49":4,"50":16,"51":12,"52":4,"53":0,"54":0,"55":0,"56":0,"57":0,"58":0,"59":0,"60":0,"61":6,"62":3,"63":3,"64":3,"65":3,"66":0,"67":3,"68":24,"69":3,"70":0,"71":0,"72":0,"73":0,"74":0,"75":0,"76":0,"77":0,"78":0,"79":0},"f":{"0":0,"1":12,"2":15,"3":16,"4":0,"5":0,"6":6,"7":16,"8":0,"9":0,"10":6,"11":16,"12":4,"13":0,"14":0,"15":0,"16":6,"17":16,"18":12,"19":0,"20":0,"21":0,"22":6,"23":24,"24":0,"25":0,"26":0,"27":0},"b":{"0":[15],"1":[0,8],"2":[8,8,8,8],"3":[0],"4":[0,0],"5":[0,0,0,0],"6":[2,4],"7":[16,0],"8":[0,0],"9":[0,0],"10":[2,4],"11":[4,0],"12":[0,0],"13":[0,0],"14":[2,4],"15":[12,0],"16":[0,0],"17":[0,0],"18":[3,3],"19":[3,0]},"_coverageSchema":"1a1c01bbd47fc00a2c39e90264f33305004495a9","hash":"92eb642ff8159d84eb3fa3dbb1618f0108184ac2"}
,"C:\\Users\\tyler\\family-tree\\src\\components\\ui\\badge.tsx": {"path":"C:\\Users\\tyler\\family-tree\\src\\components\\ui\\badge.tsx","statementMap":{"0":{"start":{"line":6,"column":22},"end":{"line":24,"column":1}},"1":{"start":{"line":31,"column":2},"end":{"line":33,"column":3}}},"fnMap":{"0":{"name":"Badge","decl":{"start":{"line":30,"column":9},"end":{"line":30,"column":14}},"loc":{"start":{"line":30,"column":61},"end":{"line":34,"column":1}},"line":30}},"branchMap":{},"s":{"0":1,"1":0},"f":{"0":0},"b":{},"_coverageSchema":"1a1c01bbd47fc00a2c39e90264f33305004495a9","hash":"946a67f538647845ce7c08090deedb9414843c45"}
,"C:\\Users\\tyler\\family-tree\\src\\components\\ui\\card.tsx": {"path":"C:\\Users\\tyler\\family-tree\\src\\components\\ui\\card.tsx","statementMap":{"0":{"start":{"line":5,"column":13},"end":{"line":17,"column":2}},"1":{"start":{"line":9,"column":2},"end":{"line":16,"column":4}},"2":{"start":{"line":18,"column":0},"end":{"line":18,"column":25}},"3":{"start":{"line":20,"column":19},"end":{"line":29,"column":2}},"4":{"start":{"line":24,"column":2},"end":{"line":28,"column":4}},"5":{"start":{"line":30,"column":0},"end":{"line":30,"column":37}},"6":{"start":{"line":32,"column":18},"end":{"line":41,"column":2}},"7":{"start":{"line":36,"column":2},"end":{"line":40,"column":4}},"8":{"start":{"line":42,"column":0},"end":{"line":42,"column":35}},"9":{"start":{"line":44,"column":24},"end":{"line":53,"column":2}},"10":{"start":{"line":48,"column":2},"end":{"line":52,"column":4}},"11":{"start":{"line":54,"column":0},"end":{"line":54,"column":47}},"12":{"start":{"line":56,"column":20},"end":{"line":61,"column":2}},"13":{"start":{"line":60,"column":2},"end":{"line":60,"column":68}},"14":{"start":{"line":62,"column":0},"end":{"line":62,"column":39}},"15":{"start":{"line":64,"column":19},"end":{"line":73,"column":2}},"16":{"start":{"line":68,"column":2},"end":{"line":72,"column":4}},"17":{"start":{"line":74,"column":0},"end":{"line":74,"column":37}}},"fnMap":{"0":{"name":"(anonymous_0)","decl":{"start":{"line":8,"column":2},"end":{"line":8,"column":3}},"loc":{"start":{"line":9,"column":2},"end":{"line":16,"column":4}},"line":9},"1":{"name":"(anonymous_1)","decl":{"start":{"line":23,"column":2},"end":{"line":23,"column":3}},"loc":{"start":{"line":24,"column":2},"end":{"line":28,"column":4}},"line":24},"2":{"name":"(anonymous_2)","decl":{"start":{"line":35,"column":2},"end":{"line":35,"column":3}},"loc":{"start":{"line":36,"column":2},"end":{"line":40,"column":4}},"line":36},"3":{"name":"(anonymous_3)","decl":{"start":{"line":47,"column":2},"end":{"line":47,"column":3}},"loc":{"start":{"line":48,"column":2},"end":{"line":52,"column":4}},"line":48},"4":{"name":"(anonymous_4)","decl":{"start":{"line":59,"column":2},"end":{"line":59,"column":3}},"loc":{"start":{"line":60,"column":2},"end":{"line":60,"column":68}},"line":60},"5":{"name":"(anonymous_5)","decl":{"start":{"line":67,"column":2},"end":{"line":67,"column":3}},"loc":{"start":{"line":68,"column":2},"end":{"line":72,"column":4}},"line":68}},"branchMap":{},"s":{"0":1,"1":4,"2":1,"3":1,"4":0,"5":1,"6":1,"7":0,"8":1,"9":1,"10":0,"11":1,"12":1,"13":0,"14":1,"15":1,"16":0,"17":1},"f":{"0":4,"1":0,"2":0,"3":0,"4":0,"5":0},"b":{},"_coverageSchema":"1a1c01bbd47fc00a2c39e90264f33305004495a9","hash":"0c0a4e729d6b6816e8d04044eaf1b2f2020ea34c"}
,"C:\\Users\\tyler\\family-tree\\src\\lib\\utils.ts": {"path":"C:\\Users\\tyler\\family-tree\\src\\lib\\utils.ts","statementMap":{"0":{"start":{"line":5,"column":2},"end":{"line":5,"column":30}}},"fnMap":{"0":{"name":"cn","decl":{"start":{"line":4,"column":16},"end":{"line":4,"column":18}},"loc":{"start":{"line":4,"column":44},"end":{"line":6,"column":1}},"line":4}},"branchMap":{},"s":{"0":4},"f":{"0":4},"b":{},"_coverageSchema":"1a1c01bbd47fc00a2c39e90264f33305004495a9","hash":"8cf76af8e4c32f59ad5a9ea7a4e4d56a3c8898c2"}
}
