TN:
SF:src\app\chaldean\InteractiveCalculator.tsx
FN:11,InteractiveCalculator
FN:31,(anonymous_1)
FN:42,(anonymous_2)
FN:49,(anonymous_3)
FNF:4
FNH:4
FNDA:5,InteractiveCalculator
FNDA:1,(anonymous_1)
FNDA:1,(anonymous_2)
FNDA:1,(anonymous_3)
DA:12,5
DA:13,5
DA:14,5
DA:16,5
DA:17,5
DA:18,5
DA:19,5
DA:21,5
DA:31,1
DA:42,1
DA:49,1
LF:11
LH:11
BRDA:50,0,0,5
BRDA:50,0,1,2
BRDA:54,1,0,5
BRDA:54,1,1,1
BRF:4
BRH:4
end_of_record
TN:
SF:src\app\chaldean\NumberMeaningCard.tsx
FN:13,isMasterNumber
FN:17,isCompoundNumber
FN:23,(anonymous_2)
FN:47,(anonymous_3)
FN:47,(anonymous_4)
FNF:5
FNH:3
FNDA:8,isMasterNumber
FNDA:8,isCompoundNumber
FNDA:4,(anonymous_2)
FNDA:0,(anonymous_3)
FNDA:0,(anonymous_4)
DA:14,8
DA:19,8
DA:23,1
DA:24,4
DA:25,4
DA:26,4
DA:28,4
DA:30,4
DA:47,0
LF:9
LH:8
BRDA:19,0,0,8
BRDA:19,0,1,0
BRDA:19,0,2,0
BRDA:28,1,0,0
BRDA:28,1,1,4
BRDA:32,2,0,4
BRDA:32,2,1,4
BRDA:32,3,0,0
BRDA:32,3,1,4
BRDA:32,4,0,0
BRDA:32,4,1,4
BRDA:37,5,0,4
BRDA:37,5,1,0
BRDA:38,6,0,4
BRDA:38,6,1,0
BRDA:39,7,0,4
BRDA:39,7,1,0
BRDA:43,8,0,0
BRDA:43,8,1,4
BRDA:43,9,0,3
BRDA:43,9,1,1
BRDA:44,10,0,4
BRDA:44,10,1,3
BRDA:48,11,0,0
BRDA:48,11,1,3
BRDA:50,12,0,0
BRDA:50,12,1,3
BRDA:54,13,0,4
BRDA:54,13,1,4
BRF:29
BRH:18
end_of_record
TN:
SF:src\app\chaldean\number-meanings.ts
FNF:0
FNH:0
DA:4,1
LF:1
LH:1
BRF:0
BRH:0
end_of_record
TN:
SF:src\app\chaldean\numerology-utils.ts
FN:2,getDigits
FN:11,normalizeName
FN:19,reduceToSingleDigit
FN:23,(anonymous_3)
FN:29,getCompoundAndReduced
FN:34,(anonymous_5)
FN:52,calculatePythagoreanNumber
FN:55,(anonymous_7)
FN:60,calculatePythagoreanNumberAdvanced
FN:63,(anonymous_9)
FN:67,calculatePythagoreanSoulUrge
FN:71,(anonymous_11)
FN:71,(anonymous_12)
FN:75,calculatePythagoreanSoulUrgeAdvanced
FN:79,(anonymous_14)
FN:79,(anonymous_15)
FN:83,calculatePythagoreanPersonality
FN:87,(anonymous_17)
FN:87,(anonymous_18)
FN:91,calculatePythagoreanPersonalityAdvanced
FN:95,(anonymous_20)
FN:95,(anonymous_21)
FN:99,calculateLifePath
FN:110,(anonymous_23)
FN:114,calculatePersonalYear
FN:119,(anonymous_25)
FN:123,calculatePersonalMonth
FN:128,calculatePersonalDay
FNF:28
FNH:13
FNDA:0,getDigits
FNDA:12,normalizeName
FNDA:15,reduceToSingleDigit
FNDA:16,(anonymous_3)
FNDA:0,getCompoundAndReduced
FNDA:0,(anonymous_5)
FNDA:6,calculatePythagoreanNumber
FNDA:16,(anonymous_7)
FNDA:0,calculatePythagoreanNumberAdvanced
FNDA:0,(anonymous_9)
FNDA:6,calculatePythagoreanSoulUrge
FNDA:16,(anonymous_11)
FNDA:4,(anonymous_12)
FNDA:0,calculatePythagoreanSoulUrgeAdvanced
FNDA:0,(anonymous_14)
FNDA:0,(anonymous_15)
FNDA:6,calculatePythagoreanPersonality
FNDA:16,(anonymous_17)
FNDA:12,(anonymous_18)
FNDA:0,calculatePythagoreanPersonalityAdvanced
FNDA:0,(anonymous_20)
FNDA:0,(anonymous_21)
FNDA:6,calculateLifePath
FNDA:24,(anonymous_23)
FNDA:0,calculatePersonalYear
FNDA:0,(anonymous_25)
FNDA:0,calculatePersonalMonth
FNDA:0,calculatePersonalDay
DA:3,0
DA:12,12
DA:21,15
DA:22,8
DA:23,16
DA:25,15
DA:30,0
DA:31,0
DA:32,0
DA:33,0
DA:34,0
DA:36,0
DA:40,2
DA:53,6
DA:54,4
DA:55,16
DA:56,4
DA:61,0
DA:62,0
DA:63,0
DA:64,0
DA:68,6
DA:69,4
DA:70,4
DA:71,16
DA:72,4
DA:76,0
DA:77,0
DA:78,0
DA:79,0
DA:80,0
DA:84,6
DA:85,4
DA:86,4
DA:87,16
DA:88,4
DA:92,0
DA:93,0
DA:94,0
DA:95,0
DA:96,0
DA:101,6
DA:102,3
DA:103,3
DA:105,3
DA:108,0
DA:110,24
DA:111,3
DA:116,0
DA:117,0
DA:118,0
DA:119,0
DA:120,0
DA:124,0
DA:125,0
DA:129,0
DA:130,0
LF:57
LH:26
BRDA:19,0,0,15
BRDA:22,1,0,0
BRDA:22,1,1,8
BRDA:22,2,0,8
BRDA:22,2,1,8
BRDA:22,2,2,8
BRDA:22,2,3,8
BRDA:29,3,0,0
BRDA:33,4,0,0
BRDA:33,4,1,0
BRDA:33,5,0,0
BRDA:33,5,1,0
BRDA:33,5,2,0
BRDA:33,5,3,0
BRDA:53,6,0,2
BRDA:53,6,1,4
BRDA:55,7,0,16
BRDA:55,7,1,0
BRDA:61,8,0,0
BRDA:61,8,1,0
BRDA:63,9,0,0
BRDA:63,9,1,0
BRDA:68,10,0,2
BRDA:68,10,1,4
BRDA:71,11,0,4
BRDA:71,11,1,0
BRDA:76,12,0,0
BRDA:76,12,1,0
BRDA:79,13,0,0
BRDA:79,13,1,0
BRDA:84,14,0,2
BRDA:84,14,1,4
BRDA:87,15,0,12
BRDA:87,15,1,0
BRDA:92,16,0,0
BRDA:92,16,1,0
BRDA:95,17,0,0
BRDA:95,17,1,0
BRDA:101,18,0,3
BRDA:101,18,1,3
BRDA:103,19,0,3
BRDA:103,19,1,0
BRF:42
BRH:18
end_of_record
TN:
SF:src\components\ui\badge.tsx
FN:30,Badge
FNF:1
FNH:0
FNDA:0,Badge
DA:6,1
DA:31,0
LF:2
LH:1
BRF:0
BRH:0
end_of_record
TN:
SF:src\components\ui\card.tsx
FN:8,(anonymous_0)
FN:23,(anonymous_1)
FN:35,(anonymous_2)
FN:47,(anonymous_3)
FN:59,(anonymous_4)
FN:67,(anonymous_5)
FNF:6
FNH:1
FNDA:4,(anonymous_0)
FNDA:0,(anonymous_1)
FNDA:0,(anonymous_2)
FNDA:0,(anonymous_3)
FNDA:0,(anonymous_4)
FNDA:0,(anonymous_5)
DA:5,1
DA:9,4
DA:18,1
DA:20,1
DA:24,0
DA:30,1
DA:32,1
DA:36,0
DA:42,1
DA:44,1
DA:48,0
DA:54,1
DA:56,1
DA:60,0
DA:62,1
DA:64,1
DA:68,0
DA:74,1
LF:18
LH:13
BRF:0
BRH:0
end_of_record
TN:
SF:src\lib\utils.ts
FN:4,cn
FNF:1
FNH:1
FNDA:4,cn
DA:5,4
LF:1
LH:1
BRF:0
BRH:0
end_of_record
